flash_chat_flutter/build/app/intermediates/manifest_merge_blame_file/debug/manifest-merger-blame-debug-report.txt
1<?xml version="1.0" encoding="utf-8"?>
2<manifest xmlns:android="http://schemas.android.com/apk/res/android"
3    package="co.lkmandy.flash_chat"
4    android:versionCode="1"
5    android:versionName="1.0.0" >
6
7    <uses-sdk
8        android:minSdkVersion="16"
9        android:targetSdkVersion="29" />
10    <!--
11         Flutter needs it to communicate with the running application
12         to allow setting breakpoints, to provide hot reload, etc.
13    -->
14    <uses-permission android:name="android.permission.INTERNET" />
14-->src/debug/AndroidManifest.xml:6:5-66
14-->src/debug/AndroidManifest.xml:6:22-64
15    <uses-permission android:name="android.permission.ACCESS_NETWORK_STATE" />
15-->[com.google.firebase:firebase-auth:21.0.1] AndroidManifest.xml:24:5-79
15-->[com.google.firebase:firebase-auth:21.0.1] AndroidManifest.xml:24:22-76
16    <!--
17 io.flutter.app.FlutterApplication is an android.app.Application that
18         calls FlutterMain.startInitialization(this); in its onCreate method.
19         In most cases you can leave this as-is, but you if you want to provide
20         additional functionality it is fine to subclass or reimplement
21         FlutterApplication and put your custom class here.
22    -->
23    <application
23-->src/main/AndroidManifest.xml:9:5-32:19
24        android:name="io.flutter.app.FlutterApplication"
24-->src/main/AndroidManifest.xml:10:9-57
25        android:appComponentFactory="androidx.core.app.CoreComponentFactory"
25-->[androidx.core:core:1.1.0] AndroidManifest.xml:24:18-86
26        android:debuggable="true"
27        android:icon="@mipmap/ic_launcher"
27-->src/main/AndroidManifest.xml:12:9-43
28        android:label="flash_chat" >
28-->src/main/AndroidManifest.xml:11:9-35
29        <activity
29-->src/main/AndroidManifest.xml:13:9-31:20
30            android:name="co.appbrewery.flash_chat.MainActivity"
30-->src/main/AndroidManifest.xml:14:13-41
31            android:configChanges="orientation|keyboardHidden|keyboard|screenSize|locale|layoutDirection|fontScale|screenLayout|density|uiMode"
31-->src/main/AndroidManifest.xml:17:13-144
32            android:hardwareAccelerated="true"
32-->src/main/AndroidManifest.xml:18:13-47
33            android:launchMode="singleTop"
33-->src/main/AndroidManifest.xml:15:13-43
34            android:theme="@style/LaunchTheme"
34-->src/main/AndroidManifest.xml:16:13-47
35            android:windowSoftInputMode="adjustResize" >
35-->src/main/AndroidManifest.xml:19:13-55
36
37            <!--
38                 This keeps the window background of the activity showing
39                 until Flutter renders its first frame. It can be removed if
40                 there is no splash screen (such as the default splash screen
41                 defined in @style/LaunchTheme).
42            -->
43            <meta-data
43-->src/main/AndroidManifest.xml:24:13-26:40
44                android:name="io.flutter.app.android.SplashScreenUntilFirstFrame"
44-->src/main/AndroidManifest.xml:25:17-82
45                android:value="true" />
45-->src/main/AndroidManifest.xml:26:17-37
46
47            <intent-filter>
47-->src/main/AndroidManifest.xml:27:13-30:29
48                <action android:name="android.intent.action.MAIN" />
48-->src/main/AndroidManifest.xml:28:17-68
48-->src/main/AndroidManifest.xml:28:25-66
49
50                <category android:name="android.intent.category.LAUNCHER" />
50-->src/main/AndroidManifest.xml:29:17-76
50-->src/main/AndroidManifest.xml:29:27-74
51            </intent-filter>
52        </activity>
53
54        <service
54-->[:firebase_auth] AndroidManifest.xml:8:9-12:19
55            android:name="com.google.firebase.components.ComponentDiscoveryService"
55-->[:firebase_auth] AndroidManifest.xml:8:18-89
56            android:directBootAware="true"
56-->[com.google.firebase:firebase-common:20.0.0] AndroidManifest.xml:35:13-43
57            android:exported="false" >
57-->[com.google.firebase:firebase-auth:21.0.1] AndroidManifest.xml:76:13-37
58            <meta-data
58-->[:firebase_auth] AndroidManifest.xml:9:13-11:85
59                android:name="com.google.firebase.components:io.flutter.plugins.firebase.auth.FlutterFirebaseAuthRegistrar"
59-->[:firebase_auth] AndroidManifest.xml:10:17-124
60                android:value="com.google.firebase.components.ComponentRegistrar" />
60-->[:firebase_auth] AndroidManifest.xml:11:17-82
61            <meta-data
61-->[:cloud_firestore] AndroidManifest.xml:9:13-11:85
62                android:name="com.google.firebase.components:io.flutter.plugins.firebase.firestore.FlutterFirebaseFirestoreRegistrar"
62-->[:cloud_firestore] AndroidManifest.xml:10:17-134
63                android:value="com.google.firebase.components.ComponentRegistrar" />
63-->[:cloud_firestore] AndroidManifest.xml:11:17-82
64            <meta-data
64-->[:firebase_core] AndroidManifest.xml:9:13-11:85
65                android:name="com.google.firebase.components:io.flutter.plugins.firebase.core.FlutterFirebaseCoreRegistrar"
65-->[:firebase_core] AndroidManifest.xml:10:17-124
66                android:value="com.google.firebase.components.ComponentRegistrar" />
66-->[:firebase_core] AndroidManifest.xml:11:17-82
67            <meta-data
67-->[com.google.firebase:firebase-auth:21.0.1] AndroidManifest.xml:77:13-79:85
68                android:name="com.google.firebase.components:com.google.firebase.auth.FirebaseAuthRegistrar"
68-->[com.google.firebase:firebase-auth:21.0.1] AndroidManifest.xml:78:17-109
69                android:value="com.google.firebase.components.ComponentRegistrar" />
69-->[com.google.firebase:firebase-auth:21.0.1] AndroidManifest.xml:79:17-82
70            <meta-data
70-->[com.google.firebase:firebase-firestore:23.0.3] AndroidManifest.xml:20:13-22:85
71                android:name="com.google.firebase.components:com.google.firebase.firestore.FirestoreRegistrar"
71-->[com.google.firebase:firebase-firestore:23.0.3] AndroidManifest.xml:21:17-111
72                android:value="com.google.firebase.components.ComponentRegistrar" />
72-->[com.google.firebase:firebase-firestore:23.0.3] AndroidManifest.xml:22:17-82
73        </service>
74
75        <activity
75-->[com.google.firebase:firebase-auth:21.0.1] AndroidManifest.xml:27:9-44:20
76            android:name="com.google.firebase.auth.internal.GenericIdpActivity"
76-->[com.google.firebase:firebase-auth:21.0.1] AndroidManifest.xml:28:13-80
77            android:excludeFromRecents="true"
77-->[com.google.firebase:firebase-auth:21.0.1] AndroidManifest.xml:29:13-46
78            android:exported="true"
78-->[com.google.firebase:firebase-auth:21.0.1] AndroidManifest.xml:30:13-36
79            android:launchMode="singleTask"
79-->[com.google.firebase:firebase-auth:21.0.1] AndroidManifest.xml:31:13-44
80            android:theme="@android:style/Theme.Translucent.NoTitleBar" >
80-->[com.google.firebase:firebase-auth:21.0.1] AndroidManifest.xml:32:13-72
81            <intent-filter>
81-->[com.google.firebase:firebase-auth:21.0.1] AndroidManifest.xml:33:13-43:29
82                <action android:name="android.intent.action.VIEW" />
82-->[com.google.firebase:firebase-auth:21.0.1] AndroidManifest.xml:34:17-69
82-->[com.google.firebase:firebase-auth:21.0.1] AndroidManifest.xml:34:25-66
83
84                <category android:name="android.intent.category.DEFAULT" />
84-->[com.google.firebase:firebase-auth:21.0.1] AndroidManifest.xml:36:17-76
84-->[com.google.firebase:firebase-auth:21.0.1] AndroidManifest.xml:36:27-73
85                <category android:name="android.intent.category.BROWSABLE" />
85-->[com.google.firebase:firebase-auth:21.0.1] AndroidManifest.xml:37:17-78
85-->[com.google.firebase:firebase-auth:21.0.1] AndroidManifest.xml:37:27-75
86
87                <data
87-->[com.google.firebase:firebase-auth:21.0.1] AndroidManifest.xml:39:17-42:51
88                    android:host="firebase.auth"
88-->[com.google.firebase:firebase-auth:21.0.1] AndroidManifest.xml:40:21-49
89                    android:path="/"
89-->[com.google.firebase:firebase-auth:21.0.1] AndroidManifest.xml:41:21-37
90                    android:scheme="genericidp" />
90-->[com.google.firebase:firebase-auth:21.0.1] AndroidManifest.xml:42:21-48
91            </intent-filter>
92        </activity>
93        <activity
93-->[com.google.firebase:firebase-auth:21.0.1] AndroidManifest.xml:45:9-62:20
94            android:name="com.google.firebase.auth.internal.RecaptchaActivity"
94-->[com.google.firebase:firebase-auth:21.0.1] AndroidManifest.xml:46:13-79
95            android:excludeFromRecents="true"
95-->[com.google.firebase:firebase-auth:21.0.1] AndroidManifest.xml:47:13-46
96            android:exported="true"
96-->[com.google.firebase:firebase-auth:21.0.1] AndroidManifest.xml:48:13-36
97            android:launchMode="singleTask"
97-->[com.google.firebase:firebase-auth:21.0.1] AndroidManifest.xml:49:13-44
98            android:theme="@android:style/Theme.Translucent.NoTitleBar" >
98-->[com.google.firebase:firebase-auth:21.0.1] AndroidManifest.xml:50:13-72
99            <intent-filter>
99-->[com.google.firebase:firebase-auth:21.0.1] AndroidManifest.xml:51:13-61:29
100                <action android:name="android.intent.action.VIEW" />
100-->[com.google.firebase:firebase-auth:21.0.1] AndroidManifest.xml:34:17-69
100-->[com.google.firebase:firebase-auth:21.0.1] AndroidManifest.xml:34:25-66
101
102                <category android:name="android.intent.category.DEFAULT" />
102-->[com.google.firebase:firebase-auth:21.0.1] AndroidManifest.xml:36:17-76
102-->[com.google.firebase:firebase-auth:21.0.1] AndroidManifest.xml:36:27-73
103                <category android:name="android.intent.category.BROWSABLE" />
103-->[com.google.firebase:firebase-auth:21.0.1] AndroidManifest.xml:37:17-78
103-->[com.google.firebase:firebase-auth:21.0.1] AndroidManifest.xml:37:27-75
104
105                <data
105-->[com.google.firebase:firebase-auth:21.0.1] AndroidManifest.xml:39:17-42:51
106                    android:host="firebase.auth"
106-->[com.google.firebase:firebase-auth:21.0.1] AndroidManifest.xml:40:21-49
107                    android:path="/"
107-->[com.google.firebase:firebase-auth:21.0.1] AndroidManifest.xml:41:21-37
108                    android:scheme="recaptcha" />
108-->[com.google.firebase:firebase-auth:21.0.1] AndroidManifest.xml:42:21-48
109            </intent-filter>
110        </activity>
111
112        <service
112-->[com.google.firebase:firebase-auth:21.0.1] AndroidManifest.xml:64:9-73:19
113            android:name="com.google.firebase.auth.api.fallback.service.FirebaseAuthFallbackService"
113-->[com.google.firebase:firebase-auth:21.0.1] AndroidManifest.xml:65:13-101
114            android:enabled="true"
114-->[com.google.firebase:firebase-auth:21.0.1] AndroidManifest.xml:66:13-35
115            android:exported="false" >
115-->[com.google.firebase:firebase-auth:21.0.1] AndroidManifest.xml:67:13-37
116            <intent-filter>
116-->[com.google.firebase:firebase-auth:21.0.1] AndroidManifest.xml:68:13-72:29
117                <action android:name="com.google.firebase.auth.api.gms.service.START" />
117-->[com.google.firebase:firebase-auth:21.0.1] AndroidManifest.xml:69:17-89
117-->[com.google.firebase:firebase-auth:21.0.1] AndroidManifest.xml:69:25-86
118
119                <category android:name="android.intent.category.DEFAULT" />
119-->[com.google.firebase:firebase-auth:21.0.1] AndroidManifest.xml:36:17-76
119-->[com.google.firebase:firebase-auth:21.0.1] AndroidManifest.xml:36:27-73
120            </intent-filter>
121        </service>
122
123        <provider
123-->[com.google.firebase:firebase-common:20.0.0] AndroidManifest.xml:26:9-31:39
124            android:name="com.google.firebase.provider.FirebaseInitProvider"
124-->[com.google.firebase:firebase-common:20.0.0] AndroidManifest.xml:27:13-77
125            android:authorities="co.lkmandy.flash_chat.firebaseinitprovider"
125-->[com.google.firebase:firebase-common:20.0.0] AndroidManifest.xml:28:13-72
126            android:directBootAware="true"
126-->[com.google.firebase:firebase-common:20.0.0] AndroidManifest.xml:29:13-43
127            android:exported="false"
127-->[com.google.firebase:firebase-common:20.0.0] AndroidManifest.xml:30:13-37
128            android:initOrder="100" />
128-->[com.google.firebase:firebase-common:20.0.0] AndroidManifest.xml:31:13-36
129
130        <activity
130-->[com.google.android.gms:play-services-base:17.1.0] AndroidManifest.xml:23:9-26:75
131            android:name="com.google.android.gms.common.api.GoogleApiActivity"
131-->[com.google.android.gms:play-services-base:17.1.0] AndroidManifest.xml:24:13-79
132            android:exported="false"
132-->[com.google.android.gms:play-services-base:17.1.0] AndroidManifest.xml:25:13-37
133            android:theme="@android:style/Theme.Translucent.NoTitleBar" />
133-->[com.google.android.gms:play-services-base:17.1.0] AndroidManifest.xml:26:13-72
134
135        <meta-data
135-->[com.google.android.gms:play-services-basement:17.1.0] AndroidManifest.xml:23:9-25:69
136            android:name="com.google.android.gms.version"
136-->[com.google.android.gms:play-services-basement:17.1.0] AndroidManifest.xml:24:13-58
137            android:value="@integer/google_play_services_version" />
137-->[com.google.android.gms:play-services-basement:17.1.0] AndroidManifest.xml:25:13-66
138    </application>
139
140</manifest>